<?xml version="1.0" encoding="UTF-8"?>
<!-- Generated by org.testng.reporters.JUnitReportReporter -->
<testsuite skipped="0" hostname="LAPTOP-U5EUFPC3" name="com.testng.PriortyTest" tests="3" failures="0" timestamp="20 Apr 2020 21:45:12 GMT" time="0.026" errors="0">
  <testcase name="testcase3" time="0.008" classname="com.testng.PriortyTest"/>
  <testcase name="testcase1" time="0.002" classname="com.testng.PriortyTest"/>
  <testcase name="testcase2" time="0.016" classname="com.testng.PriortyTest"/>
</testsuite> <!-- com.testng.PriortyTest -->
