<?xml version="1.0" encoding="UTF-8"?>
<!-- Generated by org.testng.reporters.JUnitReportReporter -->
<testsuite skipped="0" hostname="LAPTOP-U5EUFPC3" name="com.testng.ParallelexecutionTest" tests="3" failures="0" timestamp="21 Apr 2020 17:10:10 GMT" time="0.040" errors="0">
  <testcase name="testcase1" time="0.017" classname="com.testng.ParallelexecutionTest"/>
  <testcase name="testcase2" time="0.012" classname="com.testng.ParallelexecutionTest"/>
  <testcase name="testcase3" time="0.011" classname="com.testng.ParallelexecutionTest"/>
</testsuite> <!-- com.testng.ParallelexecutionTest -->
