<?xml version="1.0" encoding="UTF-8"?>
<!-- Generated by org.testng.reporters.JUnitReportReporter -->
<testsuite skipped="0" hostname="LAPTOP-U5EUFPC3" name="com.testcases.callwrapperorange" tests="1" failures="0" timestamp="21 Apr 2020 21:39:23 GMT" time="18.958" errors="0">
  <testcase name="orangehrm" time="18.958" classname="com.testcases.callwrapperorange"/>
</testsuite> <!-- com.testcases.callwrapperorange -->
