<?xml version="1.0" encoding="UTF-8"?>
<!-- Generated by org.testng.reporters.JUnitReportReporter -->
<testsuite skipped="0" hostname="LAPTOP-U5EUFPC3" name="com.testng.firstTest" tests="3" failures="0" timestamp="21 Apr 2020 17:08:19 GMT" time="0.013" errors="0">
  <testcase name="testcase1" time="0.007" classname="com.testng.firstTest"/>
  <testcase name="testcase3" time="0.002" classname="com.testng.firstTest"/>
  <testcase name="testcase2" time="0.004" classname="com.testng.firstTest"/>
</testsuite> <!-- com.testng.firstTest -->
