<?xml version="1.0" encoding="UTF-8"?>
<!-- Generated by org.testng.reporters.JUnitReportReporter -->
<testsuite skipped="0" hostname="LAPTOP-U5EUFPC3" name="com.testcases.ExcelLinked" tests="1" failures="0" timestamp="22 Apr 2020 18:58:23 GMT" time="25.777" errors="0">
  <testcase name="login" time="25.777" classname="com.testcases.ExcelLinked"/>
</testsuite> <!-- com.testcases.ExcelLinked -->
