<?xml version="1.0" encoding="UTF-8"?>
<!-- Generated by org.testng.reporters.JUnitReportReporter -->
<testsuite skipped="0" hostname="LAPTOP-U5EUFPC3" name="com.testcases.Excelfacebooklogin" tests="1" failures="0" timestamp="23 Apr 2020 04:41:42 GMT" time="34.853" errors="0">
  <testcase name="login" time="34.853" classname="com.testcases.Excelfacebooklogin"/>
</testsuite> <!-- com.testcases.Excelfacebooklogin -->
