<?xml version="1.0" encoding="UTF-8"?>
<!-- Generated by org.testng.reporters.JUnitReportReporter -->
<testsuite skipped="0" hostname="LAPTOP-U5EUFPC3" name="com.testng.Parallelexecution1Test" tests="3" failures="0" timestamp="21 Apr 2020 17:10:10 GMT" time="0.026" errors="0">
  <testcase name="testcase6" time="0.005" classname="com.testng.Parallelexecution1Test"/>
  <testcase name="testcase5" time="0.004" classname="com.testng.Parallelexecution1Test"/>
  <testcase name="testcase4" time="0.017" classname="com.testng.Parallelexecution1Test"/>
</testsuite> <!-- com.testng.Parallelexecution1Test -->
