<?xml version="1.0" encoding="UTF-8"?>
<!-- Generated by org.testng.reporters.JUnitReportReporter -->
<testsuite skipped="0" hostname="LAPTOP-U5EUFPC3" name="com.testcases.orangeparameterized" tests="3" failures="0" timestamp="23 Apr 2020 19:01:57 GMT" time="34.315" errors="0">
  <testcase name="login" time="10.925" classname="com.testcases.orangeparameterized"/>
  <testcase name="login" time="11.074" classname="com.testcases.orangeparameterized"/>
  <testcase name="login" time="12.316" classname="com.testcases.orangeparameterized"/>
</testsuite> <!-- com.testcases.orangeparameterized -->
