<?xml version="1.0" encoding="UTF-8"?>
<!-- Generated by org.testng.reporters.JUnitReportReporter -->
<testsuite skipped="0" hostname="LAPTOP-U5EUFPC3" name="com.testcases.draganddrop" tests="1" failures="0" timestamp="23 Apr 2020 19:59:20 GMT" time="16.057" errors="0">
  <testcase name="dragmethod" time="16.057" classname="com.testcases.draganddrop"/>
</testsuite> <!-- com.testcases.draganddrop -->
