<?xml version="1.0" encoding="UTF-8"?>
<!-- Generated by org.testng.reporters.JUnitReportReporter -->
<testsuite skipped="0" hostname="LAPTOP-U5EUFPC3" name="com.testcases.forebs" tests="4" failures="0" timestamp="27 Apr 2020 20:11:30 GMT" time="86.876" errors="0">
  <testcase name="firstpage" time="18.028" classname="com.testcases.forebs"/>
  <testcase name="bill" time="24.373" classname="com.testcases.forebs"/>
  <testcase name="advisor" time="21.595" classname="com.testcases.forebs"/>
  <testcase name="search" time="22.880" classname="com.testcases.forebs"/>
</testsuite> <!-- com.testcases.forebs -->
