<?xml version="1.0" encoding="UTF-8"?>
<!-- Generated by org.testng.reporters.JUnitReportReporter -->
<testsuite skipped="0" hostname="LAPTOP-U5EUFPC3" name="com.testcases.parameterizeddataprovider" tests="3" failures="0" timestamp="23 Apr 2020 17:40:50 GMT" time="41.119" errors="0">
  <testcase name="login" time="13.246" classname="com.testcases.parameterizeddataprovider"/>
  <testcase name="login" time="13.228" classname="com.testcases.parameterizeddataprovider"/>
  <testcase name="login" time="14.645" classname="com.testcases.parameterizeddataprovider"/>
</testsuite> <!-- com.testcases.parameterizeddataprovider -->
