<?xml version="1.0" encoding="UTF-8"?>
<!-- Generated by org.testng.reporters.JUnitReportReporter -->
<testsuite skipped="0" hostname="LAPTOP-U5EUFPC3" name="com.testcases.callwrapper" tests="1" failures="0" timestamp="23 Apr 2020 16:37:03 GMT" time="33.485" errors="0">
  <testcase name="linkedincallwrapper" time="33.485" classname="com.testcases.callwrapper"/>
</testsuite> <!-- com.testcases.callwrapper -->
