<?xml version="1.0" encoding="UTF-8"?>
<!-- Generated by org.testng.reporters.JUnitReportReporter -->
<testsuite skipped="0" hostname="LAPTOP-U5EUFPC3" name="com.testcases.countLinksinpage" tests="1" failures="0" timestamp="24 Apr 2020 17:03:57 GMT" time="17.286" errors="0">
  <testcase name="count" time="17.286" classname="com.testcases.countLinksinpage"/>
</testsuite> <!-- com.testcases.countLinksinpage -->
