<?xml version="1.0" encoding="UTF-8"?>
<!-- Generated by org.testng.reporters.JUnitReportReporter -->
<testsuite skipped="0" hostname="LAPTOP-U5EUFPC3" name="com.linkedin.linkedExceltest" tests="1" failures="0" timestamp="30 Apr 2020 16:05:08 GMT" time="7.743" errors="0">
  <testcase name="logintest" time="7.743" classname="com.linkedin.linkedExceltest"/>
</testsuite> <!-- com.linkedin.linkedExceltest -->
