<?xml version="1.0" encoding="UTF-8"?>
<!-- Generated by org.testng.reporters.JUnitReportReporter -->
<testsuite skipped="0" hostname="LAPTOP-U5EUFPC3" name="com.orangehrmtestcases.orangelogintest" tests="1" failures="0" timestamp="01 May 2020 18:35:34 GMT" time="1.499" errors="0">
  <testcase name="logintest" time="1.499" classname="com.orangehrmtestcases.orangelogintest"/>
</testsuite> <!-- com.orangehrmtestcases.orangelogintest -->
