<?xml version="1.0" encoding="UTF-8"?>
<!-- Generated by org.testng.reporters.JUnitReportReporter -->
<testsuite skipped="0" hostname="LAPTOP-U5EUFPC3" name="com.orangehrmtestcases.orangeRecuritementtest" tests="1" failures="0" timestamp="01 May 2020 19:46:05 GMT" time="10.443" errors="0">
  <testcase name="recruite" time="10.443" classname="com.orangehrmtestcases.orangeRecuritementtest"/>
</testsuite> <!-- com.orangehrmtestcases.orangeRecuritementtest -->
