<?xml version="1.0" encoding="UTF-8"?>
<!-- Generated by org.testng.reporters.JUnitReportReporter -->
<testsuite skipped="0" hostname="LAPTOP-U5EUFPC3" name="com.orangehrmtestcases.orangeLeavetest" tests="1" failures="0" timestamp="04 May 2020 04:04:48 GMT" time="12.762" errors="0">
  <testcase name="logintest" time="12.762" classname="com.orangehrmtestcases.orangeLeavetest"/>
</testsuite> <!-- com.orangehrmtestcases.orangeLeavetest -->
