<?xml version="1.0" encoding="UTF-8"?>
<!-- Generated by org.testng.reporters.JUnitReportReporter -->
<testsuite skipped="0" hostname="LAPTOP-U5EUFPC3" name="com.orangehrmtestcases.orangeloginexcelReadWrite" tests="4" failures="0" timestamp="01 May 2020 05:01:16 GMT" time="23.434" errors="0">
  <testcase name="OrangeHRMLogin" time="5.320" classname="com.orangehrmtestcases.orangeloginexcelReadWrite"/>
  <testcase name="OrangeHRMLogin" time="5.523" classname="com.orangehrmtestcases.orangeloginexcelReadWrite"/>
  <testcase name="OrangeHRMLogin" time="5.229" classname="com.orangehrmtestcases.orangeloginexcelReadWrite"/>
  <testcase name="OrangeHRMLogin" time="7.362" classname="com.orangehrmtestcases.orangeloginexcelReadWrite"/>
</testsuite> <!-- com.orangehrmtestcases.orangeloginexcelReadWrite -->
