<?xml version="1.0" encoding="UTF-8"?>
<!-- Generated by org.testng.reporters.JUnitReportReporter -->
<testsuite skipped="0" hostname="LAPTOP-U5EUFPC3" name="com.linkedin.dataproviderexcel" tests="3" failures="0" timestamp="30 Apr 2020 15:23:58 GMT" time="17.751" errors="0">
  <testcase name="login" time="7.023" classname="com.linkedin.dataproviderexcel"/>
  <testcase name="login" time="5.698" classname="com.linkedin.dataproviderexcel"/>
  <testcase name="login" time="5.030" classname="com.linkedin.dataproviderexcel"/>
</testsuite> <!-- com.linkedin.dataproviderexcel -->
