<?xml version="1.0" encoding="UTF-8"?>
<!-- Generated by org.testng.reporters.JUnitReportReporter -->
<testsuite skipped="0" hostname="LAPTOP-U5EUFPC3" name="com.orangehrmtestcases.linkedExceltest" tests="1" failures="0" timestamp="29 Apr 2020 22:07:56 GMT" time="7.162" errors="0">
  <testcase name="logintest" time="7.162" classname="com.orangehrmtestcases.linkedExceltest"/>
</testsuite> <!-- com.orangehrmtestcases.linkedExceltest -->
