<?xml version="1.0" encoding="UTF-8"?>
<!-- Generated by org.testng.reporters.JUnitReportReporter -->
<testsuite skipped="0" hostname="LAPTOP-U5EUFPC3" name="com.orangehrmtestcases.orangetest" tests="2" failures="0" timestamp="01 May 2020 16:24:57 GMT" time="14.615" errors="0">
  <testcase name="logintest" time="5.340" classname="com.orangehrmtestcases.orangetest"/>
  <testcase name="checkinglinks" time="9.275" classname="com.orangehrmtestcases.orangetest"/>
</testsuite> <!-- com.orangehrmtestcases.orangetest -->
