<?xml version="1.0" encoding="UTF-8"?>
<!-- Generated by org.testng.reporters.JUnitReportReporter -->
<testsuite skipped="0" hostname="LAPTOP-U5EUFPC3" name="com.orangehrmtestcases.dataproviderpomrangelogin" tests="3" failures="0" timestamp="30 Apr 2020 16:14:15 GMT" time="18.901" errors="0">
  <testcase name="login" time="7.331" classname="com.orangehrmtestcases.dataproviderpomrangelogin"/>
  <testcase name="login" time="5.972" classname="com.orangehrmtestcases.dataproviderpomrangelogin"/>
  <testcase name="login" time="5.598" classname="com.orangehrmtestcases.dataproviderpomrangelogin"/>
</testsuite> <!-- com.orangehrmtestcases.dataproviderpomrangelogin -->
