<?xml version="1.0" encoding="UTF-8"?>
<!-- Generated by org.testng.reporters.JUnitReportReporter -->
<testsuite skipped="0" hostname="LAPTOP-U5EUFPC3" name="com.orangehrmtestcases.orangeloginexceltest1$orangeExcellogintestcase" tests="3" failures="0" timestamp="30 Apr 2020 21:03:32 GMT" time="18.302" errors="0">
  <testcase name="OrangeHRMLogin" time="5.077" classname="com.orangehrmtestcases.orangeloginexceltest1$orangeExcellogintestcase"/>
  <testcase name="OrangeHRMLogin" time="5.592" classname="com.orangehrmtestcases.orangeloginexceltest1$orangeExcellogintestcase"/>
  <testcase name="OrangeHRMLogin" time="7.633" classname="com.orangehrmtestcases.orangeloginexceltest1$orangeExcellogintestcase"/>
</testsuite> <!-- com.orangehrmtestcases.orangeloginexceltest1$orangeExcellogintestcase -->
