<?xml version="1.0" encoding="UTF-8"?>
<!-- Generated by org.testng.reporters.JUnitReportReporter -->
<testsuite skipped="0" hostname="LAPTOP-U5EUFPC3" name="com.testcases.Registertestcase" tests="1" failures="0" timestamp="27 Apr 2020 19:41:39 GMT" time="1.539" errors="0">
  <testcase name="signup" time="1.539" classname="com.testcases.Registertestcase"/>
</testsuite> <!-- com.testcases.Registertestcase -->
